<?xml version="1.0" encoding="UTF-8"?>
<!-- Generated by org.testng.reporters.JUnitReportReporter -->
<testsuite hostname="DESKTOP-8BFIBTM" failures="0" tests="1" name="MyRunner.TestRunner" time="17.642" errors="0" timestamp="21 Oct 2021 17:41:14 GMT" skipped="0">
  <testcase classname="MyRunner.TestRunner" name="feature" time="17.642"/>
</testsuite> <!-- MyRunner.TestRunner -->
