<?xml version="1.0" encoding="UTF-8"?>
<!-- Generated by org.testng.reporters.JUnitReportReporter -->
<testsuite hostname="DESKTOP-8BFIBTM" failures="0" tests="1" name="MyRunner.TestRunner" time="13.446" errors="0" timestamp="12 Oct 2021 18:18:01 GMT" skipped="0">
  <testcase classname="MyRunner.TestRunner" name="feature" time="13.446"/>
</testsuite> <!-- MyRunner.TestRunner -->
