<?xml version="1.0" encoding="UTF-8"?>
<!-- Generated by org.testng.reporters.JUnitReportReporter -->
<testsuite skipped="0" hostname="DESKTOP-8BFIBTM" name="MyRunner.TestRunner" tests="1" failures="0" timestamp="29 Oct 2021 06:59:49 GMT" time="201.157" errors="0">
  <testcase name="feature" time="201.157" classname="MyRunner.TestRunner"/>
</testsuite> <!-- MyRunner.TestRunner -->
