<?xml version="1.0" encoding="UTF-8"?>
<!-- Generated by org.testng.reporters.JUnitReportReporter -->
<testsuite skipped="0" hostname="DESKTOP-8BFIBTM" name="MyRunner.TestRunner" tests="1" failures="0" timestamp="13 Oct 2021 05:28:46 GMT" time="29.421" errors="0">
  <testcase name="feature" time="29.421" classname="MyRunner.TestRunner"/>
</testsuite> <!-- MyRunner.TestRunner -->
